[1m[33m
 ________       ___  ___      ________      ________     __________    ________     
|\   __  \     |\  \|\  \    |\   __  \    |\   __  \   |\___   ___\  |\_____  \    
\ \  \|\  \    \ \  \\\  \   \ \  \|\  \   \ \  \|\  \  \|___ \  \_|   \|___/  /|   
 \ \  \\\  \    \ \  \\\  \   \ \   __  \   \ \   _  _\      \ \  \        /  / /   
  \ \  \\\  \    \ \  \\\  \   \ \  \ \  \   \ \  \\  \       \ \  \      /  /_/__  
   \ \_____  \    \ \_______\   \ \__\ \__\   \ \__\\ _\       \ \__\    |\________\
    \|___| \__\    \|_______|    \|__|\|__|    \|__|\|__|       \|__|     \|_______|
          \|__|                                                                     
                                                                                    
[39m[0m
2024-11-25T05:56:16.195262Z  INFO [1m[34m
Peforming Enclave Start[39m[0m
2024-11-25T05:56:16.477312Z  INFO [1m[32m🚧 Spawning enclave process ...[39m[0m
sk:"d29a4d460031c2e8aabf199d1806b138650fb6e9d4a4ce117d79d37805b88111"
Keyshare found...
Decrypting the keyshare
Keyshare: [78, 77, 231, 143, 56, 35, 226, 34, 198, 61, 227, 66, 197, 170, 153, 91, 37, 247, 148, 242, 177, 24, 185, 181, 44, 130, 86, 87, 146, 234, 20, 245]
Listening to events...
Found matching event with id_value: "fairy1vghpa0tuzfza97cwyc085zxuhsyvy3jtgry7vv/test-1"
Received request for id: "fairy1vghpa0tuzfza97cwyc085zxuhsyvy3jtgry7vv/test-1"
Event proof verified for id: "fairy1vghpa0tuzfza97cwyc085zxuhsyvy3jtgry7vv/test-1"
Derived General Key Share: [123, 34, 115, 107, 34, 58, 91, 49, 55, 57, 44, 50, 51, 52, 44, 49, 55, 56, 44, 49, 52, 50, 44, 49, 52, 49, 44, 57, 53, 44, 52, 54, 44, 49, 55, 52, 44, 49, 57, 48, 44, 51, 56, 44, 49, 55, 54, 44, 49, 53, 53, 44, 49, 55, 55, 44, 52, 49, 44, 50, 48, 51, 44, 50, 44, 49, 56, 48, 44, 49, 49, 54, 44, 52, 52, 44, 54, 51, 44, 50, 52, 50, 44, 49, 51, 53, 44, 51, 49, 44, 49, 53, 54, 44, 49, 57, 53, 44, 49, 53, 56, 44, 49, 49, 54, 44, 50, 48, 52, 44, 50, 49, 52, 44, 56, 50, 44, 52, 56, 44, 53, 54, 44, 49, 57, 54, 44, 55, 56, 44, 54, 53, 44, 50, 51, 57, 44, 54, 53, 44, 50, 49, 51, 44, 49, 55, 49, 44, 49, 53, 57, 44, 50, 51, 49, 44, 49, 50, 50, 44, 49, 54, 57, 44, 49, 54, 55, 44, 49, 53, 44, 57, 44, 49, 50, 49, 44, 50, 48, 51, 44, 56, 44, 54, 49, 44, 49, 53, 57, 44, 49, 51, 55, 44, 56, 51, 44, 52, 44, 50, 51, 50, 44, 49, 53, 44, 54, 49, 44, 53, 57, 44, 56, 50, 44, 49, 57, 53, 44, 54, 51, 44, 49, 57, 56, 44, 50, 51, 51, 44, 51, 56, 44, 52, 49, 44, 50, 50, 55, 44, 56, 52, 44, 49, 55, 55, 44, 50, 52, 55, 44, 49, 48, 57, 44, 52, 55, 44, 57, 57, 44, 49, 49, 48, 44, 50, 50, 52, 44, 49, 56, 51, 44, 50, 48, 51, 44, 50, 48, 53, 44, 50, 48, 56, 44, 56, 52, 44, 50, 51, 56, 44, 49, 50, 51, 44, 49, 55, 48, 44, 49, 51, 48, 44, 49, 49, 48, 44, 49, 49, 51, 44, 53, 52, 44, 54, 56, 44, 49, 52, 51, 44, 50, 48, 51, 44, 49, 57, 53, 44, 49, 52, 54, 44, 56, 53, 44, 49, 53, 56, 44, 49, 50, 53, 44, 49, 57, 44, 49, 57, 51, 93, 44, 34, 105, 110, 100, 101, 120, 34, 58, 49, 125]
message hash: [129, 239, 243, 36, 0, 83, 152, 186, 46, 86, 78, 236, 193, 168, 7, 139, 161, 240, 214, 221, 118, 76, 84, 118, 238, 121, 133, 97, 164, 238, 251, 102]
k256 Signature: de6f0fa0439727269340ec46f52c4d7150bbe443ac542b40ce46f8b6598670112adcf5e7c0fabaeb3458e83657dd801278b995ade469fbb98629434eb06a5e6c
account: "fairy1vghpa0tuzfza97cwyc085zxuhsyvy3jtgry7vv"
Broadcast response: Object {"id": Number(-1), "jsonrpc": String("2.0"), "result": Object {"code": Number(0), "codespace": String(""), "data": String(""), "hash": String("BC3BECA6E3BAB71DB9D0D0DD6076D3F18EEF811DAC03A2042B42DAA8D60FEE25"), "log": String("")}}
Error: response error

Location:
    /home/setareh/.cargo/registry/src/index.crates.io-6f17d22bba15001f/flex-error-0.4.4/src/tracer_impl/eyre.rs:10:9
{"EnclaveStart":null}
